<?xml version="1.0" encoding="UTF-8"?>
<!-- Generated by org.testng.reporters.JUnitXMLReporter -->
<testsuite ignored="1" hostname="MONICA" failures="0" tests="5" name="Default test" time="0.08" errors="0" timestamp="2023-05-12T21:07:09 IST">
  <testcase classname="com.demo.TestNGDemo" name="tc1" time="0.01"/>
  <testcase classname="com.demo.TestNGDemo" name="tc1" time="0.002"/>
  <testcase classname="com.demo.TestNGDemo" name="tc3" time="0.001"/>
  <testcase classname="com.demo.TestNGDemo" name="tc4" time="0.0"/>
  <testcase classname="com.demo.TestNGDemo" name="tc2" time="0.001"/>
  <testcase classname="com.demo.TestNGDemo" name="tc5" time="0.0">
    <ignored/>
  </testcase> <!-- tc5 -->
</testsuite> <!-- Default test -->
