<?xml version="1.0" encoding="UTF-8"?>
<testng-results ignored="1" total="6" passed="5" failed="0" skipped="0">
  <reporter-output>
  </reporter-output>
  <suite started-at="2023-05-12T21:07:09 IST" name="Default suite" finished-at="2023-05-12T21:07:09 IST" duration-ms="80">
    <groups>
    </groups>
    <test started-at="2023-05-12T21:07:09 IST" name="Default test" finished-at="2023-05-12T21:07:09 IST" duration-ms="80">
      <class name="com.demo.TestNGDemo">
        <test-method signature="tc1()[pri:0, instance:com.demo.TestNGDemo@a38c7fe]" started-at="2023-05-12T21:07:09 IST" name="tc1" finished-at="2023-05-12T21:07:09 IST" duration-ms="10" status="PASS">
          <reporter-output>
          </reporter-output>
        </test-method> <!-- tc1 -->
        <test-method signature="tc1()[pri:0, instance:com.demo.TestNGDemo@a38c7fe]" started-at="2023-05-12T21:07:09 IST" name="tc1" finished-at="2023-05-12T21:07:09 IST" duration-ms="2" status="PASS">
          <reporter-output>
          </reporter-output>
        </test-method> <!-- tc1 -->
        <test-method signature="tc3()[pri:1, instance:com.demo.TestNGDemo@a38c7fe]" started-at="2023-05-12T21:07:09 IST" name="tc3" finished-at="2023-05-12T21:07:09 IST" duration-ms="1" status="PASS">
          <reporter-output>
          </reporter-output>
        </test-method> <!-- tc3 -->
        <test-method signature="tc4()[pri:2, instance:com.demo.TestNGDemo@a38c7fe]" started-at="2023-05-12T21:07:09 IST" name="tc4" finished-at="2023-05-12T21:07:09 IST" duration-ms="0" status="PASS">
          <reporter-output>
          </reporter-output>
        </test-method> <!-- tc4 -->
        <test-method signature="tc2()[pri:3, instance:com.demo.TestNGDemo@a38c7fe]" started-at="2023-05-12T21:07:09 IST" name="tc2" finished-at="2023-05-12T21:07:09 IST" duration-ms="1" status="PASS">
          <reporter-output>
          </reporter-output>
        </test-method> <!-- tc2 -->
      </class> <!-- com.demo.TestNGDemo -->
    </test> <!-- Default test -->
  </suite> <!-- Default suite -->
</testng-results>
